3400
0 0 1 12
1 0 2 12
2 0 3 12
3 0 4 12
4 0 5 12
5 0 6 12
6 0 7 12
7 0 8 12
8 0 9 12
9 0 10 12
10 0 11 12
11 0 12 12
12 0 13 12
13 0 14 12
14 0 15 12
15 0 16 12
16 0 17 12
17 0 18 12
18 0 19 12
19 0 20 12
20 0 21 12
21 0 22 12
22 0 23 12
23 0 24 12
24 0 25 12
25 0 26 12
26 0 27 12
27 0 28 12
28 0 29 12
29 0 30 12
30 0 31 12
31 0 32 12
32 0 33 12
33 0 34 12
34 0 35 12
35 0 36 12
36 0 37 12
37 0 38 12
38 0 39 12
39 0 40 12
40 0 41 12
41 0 42 12
42 0 43 12
43 0 44 12
44 0 45 12
45 0 46 12
46 0 47 12
47 0 48 12
48 0 49 12
49 0 50 12
50 0 51 12
51 0 52 12
52 0 53 12
53 0 54 12
54 0 55 12
55 0 56 12
56 0 57 12
57 0 58 12
58 0 59 12
59 0 60 12
60 0 61 12
61 0 62 12
62 0 63 12
63 0 64 12
64 0 65 12
65 0 66 12
66 0 67 12
67 0 68 12
68 0 69 12
69 0 70 12
70 0 71 12
71 0 72 12
72 0 73 12
73 0 74 12
74 0 75 12
75 0 76 12
76 0 77 12
77 0 78 12
78 0 79 12
79 0 80 12
80 0 81 12
81 0 82 12
82 0 83 12
83 0 84 12
84 0 85 12
85 0 86 12
86 0 87 12
87 0 88 12
88 0 89 12
89 0 90 12
90 0 91 12
91 0 92 12
92 0 93 12
93 0 94 12
94 0 95 12
95 0 96 12
96 0 97 12
97 0 98 12
98 0 99 12
99 0 100 12
100 0 101 12
101 0 102 12
102 0 103 12
103 0 104 12
104 0 105 12
105 0 106 12
106 0 107 12
107 0 108 12
108 0 109 12
109 0 110 12
110 0 111 12
111 0 112 12
112 0 113 12
113 0 114 12
114 0 115 12
115 0 116 12
116 0 117 12
117 0 118 12
118 0 119 12
119 0 120 12
120 0 121 12
121 0 122 12
122 0 123 12
123 0 124 12
124 0 125 12
125 0 126 12
126 0 127 12
127 0 128 12
128 0 129 12
129 0 130 12
130 0 131 12
131 0 132 12
132 0 133 12
133 0 134 12
134 0 135 12
135 0 136 12
136 0 137 12
137 0 138 12
138 0 139 12
139 0 140 12
140 0 141 12
141 0 142 12
142 0 143 12
143 0 144 12
144 0 145 12
145 0 146 12
146 0 147 12
147 0 148 12
148 0 149 12
149 0 150 12
150 0 151 12
151 0 152 12
152 0 153 12
153 0 154 12
154 0 155 12
155 0 156 12
156 0 157 12
157 0 158 12
158 0 159 12
159 0 160 12
160 0 161 12
161 0 162 12
162 0 163 12
163 0 164 12
164 0 165 12
165 0 166 12
166 0 167 12
167 0 168 12
168 0 169 12
169 0 170 12
170 0 171 12
171 0 172 12
172 0 173 12
173 0 174 12
174 0 175 12
175 0 176 12
176 0 177 12
177 0 178 12
178 0 179 12
179 0 180 12
180 0 181 12
181 0 182 12
182 0 183 12
183 0 184 12
184 0 185 12
185 0 186 12
186 0 187 12
187 0 188 12
188 0 189 12
189 0 190 12
190 0 191 12
191 0 192 12
192 0 193 12
193 0 194 12
194 0 195 12
195 0 196 12
196 0 197 12
197 0 198 12
198 0 199 12
199 0 200 12
0 12 1 24
1 12 2 24
2 12 3 24
3 12 4 24
4 12 5 24
5 12 6 24
6 12 7 24
7 12 8 24
8 12 9 24
9 12 10 24
10 12 11 24
11 12 12 24
12 12 13 24
13 12 14 24
14 12 15 24
15 12 16 24
16 12 17 24
17 12 18 24
18 12 19 24
19 12 20 24
20 12 21 24
21 12 22 24
22 12 23 24
23 12 24 24
24 12 25 24
25 12 26 24
26 12 27 24
27 12 28 24
28 12 29 24
29 12 30 24
30 12 31 24
31 12 32 24
32 12 33 24
33 12 34 24
34 12 35 24
35 12 36 24
36 12 37 24
37 12 38 24
38 12 39 24
39 12 40 24
40 12 41 24
41 12 42 24
42 12 43 24
43 12 44 24
44 12 45 24
45 12 46 24
46 12 47 24
47 12 48 24
48 12 49 24
49 12 50 24
50 12 51 24
51 12 52 24
52 12 53 24
53 12 54 24
54 12 55 24
55 12 56 24
56 12 57 24
57 12 58 24
58 12 59 24
59 12 60 24
60 12 61 24
61 12 62 24
62 12 63 24
63 12 64 24
64 12 65 24
65 12 66 24
66 12 67 24
67 12 68 24
68 12 69 24
69 12 70 24
70 12 71 24
71 12 72 24
72 12 73 24
73 12 74 24
74 12 75 24
75 12 76 24
76 12 77 24
77 12 78 24
78 12 79 24
79 12 80 24
80 12 81 24
81 12 82 24
82 12 83 24
83 12 84 24
84 12 85 24
85 12 86 24
86 12 87 24
87 12 88 24
88 12 89 24
89 12 90 24
90 12 91 24
91 12 92 24
92 12 93 24
93 12 94 24
94 12 95 24
95 12 96 24
96 12 97 24
97 12 98 24
98 12 99 24
99 12 100 24
100 12 101 24
101 12 102 24
102 12 103 24
103 12 104 24
104 12 105 24
105 12 106 24
106 12 107 24
107 12 108 24
108 12 109 24
109 12 110 24
110 12 111 24
111 12 112 24
112 12 113 24
113 12 114 24
114 12 115 24
115 12 116 24
116 12 117 24
117 12 118 24
118 12 119 24
119 12 120 24
120 12 121 24
121 12 122 24
122 12 123 24
123 12 124 24
124 12 125 24
125 12 126 24
126 12 127 24
127 12 128 24
128 12 129 24
129 12 130 24
130 12 131 24
131 12 132 24
132 12 133 24
133 12 134 24
134 12 135 24
135 12 136 24
136 12 137 24
137 12 138 24
138 12 139 24
139 12 140 24
140 12 141 24
141 12 142 24
142 12 143 24
143 12 144 24
144 12 145 24
145 12 146 24
146 12 147 24
147 12 148 24
148 12 149 24
149 12 150 24
150 12 151 24
151 12 152 24
152 12 153 24
153 12 154 24
154 12 155 24
155 12 156 24
156 12 157 24
157 12 158 24
158 12 159 24
159 12 160 24
160 12 161 24
161 12 162 24
162 12 163 24
163 12 164 24
164 12 165 24
165 12 166 24
166 12 167 24
167 12 168 24
168 12 169 24
169 12 170 24
170 12 171 24
171 12 172 24
172 12 173 24
173 12 174 24
174 12 175 24
175 12 176 24
176 12 177 24
177 12 178 24
178 12 179 24
179 12 180 24
180 12 181 24
181 12 182 24
182 12 183 24
183 12 184 24
184 12 185 24
185 12 186 24
186 12 187 24
187 12 188 24
188 12 189 24
189 12 190 24
190 12 191 24
191 12 192 24
192 12 193 24
193 12 194 24
194 12 195 24
195 12 196 24
196 12 197 24
197 12 198 24
198 12 199 24
199 12 200 24
0 24 1 36
1 24 2 36
2 24 3 36
3 24 4 36
4 24 5 36
5 24 6 36
6 24 7 36
7 24 8 36
8 24 9 36
9 24 10 36
10 24 11 36
11 24 12 36
12 24 13 36
13 24 14 36
14 24 15 36
15 24 16 36
16 24 17 36
17 24 18 36
18 24 19 36
19 24 20 36
20 24 21 36
21 24 22 36
22 24 23 36
23 24 24 36
24 24 25 36
25 24 26 36
26 24 27 36
27 24 28 36
28 24 29 36
29 24 30 36
30 24 31 36
31 24 32 36
32 24 33 36
33 24 34 36
34 24 35 36
35 24 36 36
36 24 37 36
37 24 38 36
38 24 39 36
39 24 40 36
40 24 41 36
41 24 42 36
42 24 43 36
43 24 44 36
44 24 45 36
45 24 46 36
46 24 47 36
47 24 48 36
48 24 49 36
49 24 50 36
50 24 51 36
51 24 52 36
52 24 53 36
53 24 54 36
54 24 55 36
55 24 56 36
56 24 57 36
57 24 58 36
58 24 59 36
59 24 60 36
60 24 61 36
61 24 62 36
62 24 63 36
63 24 64 36
64 24 65 36
65 24 66 36
66 24 67 36
67 24 68 36
68 24 69 36
69 24 70 36
70 24 71 36
71 24 72 36
72 24 73 36
73 24 74 36
74 24 75 36
75 24 76 36
76 24 77 36
77 24 78 36
78 24 79 36
79 24 80 36
80 24 81 36
81 24 82 36
82 24 83 36
83 24 84 36
84 24 85 36
85 24 86 36
86 24 87 36
87 24 88 36
88 24 89 36
89 24 90 36
90 24 91 36
91 24 92 36
92 24 93 36
93 24 94 36
94 24 95 36
95 24 96 36
96 24 97 36
97 24 98 36
98 24 99 36
99 24 100 36
100 24 101 36
101 24 102 36
102 24 103 36
103 24 104 36
104 24 105 36
105 24 106 36
106 24 107 36
107 24 108 36
108 24 109 36
109 24 110 36
110 24 111 36
111 24 112 36
112 24 113 36
113 24 114 36
114 24 115 36
115 24 116 36
116 24 117 36
117 24 118 36
118 24 119 36
119 24 120 36
120 24 121 36
121 24 122 36
122 24 123 36
123 24 124 36
124 24 125 36
125 24 126 36
126 24 127 36
127 24 128 36
128 24 129 36
129 24 130 36
130 24 131 36
131 24 132 36
132 24 133 36
133 24 134 36
134 24 135 36
135 24 136 36
136 24 137 36
137 24 138 36
138 24 139 36
139 24 140 36
140 24 141 36
141 24 142 36
142 24 143 36
143 24 144 36
144 24 145 36
145 24 146 36
146 24 147 36
147 24 148 36
148 24 149 36
149 24 150 36
150 24 151 36
151 24 152 36
152 24 153 36
153 24 154 36
154 24 155 36
155 24 156 36
156 24 157 36
157 24 158 36
158 24 159 36
159 24 160 36
160 24 161 36
161 24 162 36
162 24 163 36
163 24 164 36
164 24 165 36
165 24 166 36
166 24 167 36
167 24 168 36
168 24 169 36
169 24 170 36
170 24 171 36
171 24 172 36
172 24 173 36
173 24 174 36
174 24 175 36
175 24 176 36
176 24 177 36
177 24 178 36
178 24 179 36
179 24 180 36
180 24 181 36
181 24 182 36
182 24 183 36
183 24 184 36
184 24 185 36
185 24 186 36
186 24 187 36
187 24 188 36
188 24 189 36
189 24 190 36
190 24 191 36
191 24 192 36
192 24 193 36
193 24 194 36
194 24 195 36
195 24 196 36
196 24 197 36
197 24 198 36
198 24 199 36
199 24 200 36
0 36 1 48
1 36 2 48
2 36 3 48
3 36 4 48
4 36 5 48
5 36 6 48
6 36 7 48
7 36 8 48
8 36 9 48
9 36 10 48
10 36 11 48
11 36 12 48
12 36 13 48
13 36 14 48
14 36 15 48
15 36 16 48
16 36 17 48
17 36 18 48
18 36 19 48
19 36 20 48
20 36 21 48
21 36 22 48
22 36 23 48
23 36 24 48
24 36 25 48
25 36 26 48
26 36 27 48
27 36 28 48
28 36 29 48
29 36 30 48
30 36 31 48
31 36 32 48
32 36 33 48
33 36 34 48
34 36 35 48
35 36 36 48
36 36 37 48
37 36 38 48
38 36 39 48
39 36 40 48
40 36 41 48
41 36 42 48
42 36 43 48
43 36 44 48
44 36 45 48
45 36 46 48
46 36 47 48
47 36 48 48
48 36 49 48
49 36 50 48
50 36 51 48
51 36 52 48
52 36 53 48
53 36 54 48
54 36 55 48
55 36 56 48
56 36 57 48
57 36 58 48
58 36 59 48
59 36 60 48
60 36 61 48
61 36 62 48
62 36 63 48
63 36 64 48
64 36 65 48
65 36 66 48
66 36 67 48
67 36 68 48
68 36 69 48
69 36 70 48
70 36 71 48
71 36 72 48
72 36 73 48
73 36 74 48
74 36 75 48
75 36 76 48
76 36 77 48
77 36 78 48
78 36 79 48
79 36 80 48
80 36 81 48
81 36 82 48
82 36 83 48
83 36 84 48
84 36 85 48
85 36 86 48
86 36 87 48
87 36 88 48
88 36 89 48
89 36 90 48
90 36 91 48
91 36 92 48
92 36 93 48
93 36 94 48
94 36 95 48
95 36 96 48
96 36 97 48
97 36 98 48
98 36 99 48
99 36 100 48
100 36 101 48
101 36 102 48
102 36 103 48
103 36 104 48
104 36 105 48
105 36 106 48
106 36 107 48
107 36 108 48
108 36 109 48
109 36 110 48
110 36 111 48
111 36 112 48
112 36 113 48
113 36 114 48
114 36 115 48
115 36 116 48
116 36 117 48
117 36 118 48
118 36 119 48
119 36 120 48
120 36 121 48
121 36 122 48
122 36 123 48
123 36 124 48
124 36 125 48
125 36 126 48
126 36 127 48
127 36 128 48
128 36 129 48
129 36 130 48
130 36 131 48
131 36 132 48
132 36 133 48
133 36 134 48
134 36 135 48
135 36 136 48
136 36 137 48
137 36 138 48
138 36 139 48
139 36 140 48
140 36 141 48
141 36 142 48
142 36 143 48
143 36 144 48
144 36 145 48
145 36 146 48
146 36 147 48
147 36 148 48
148 36 149 48
149 36 150 48
150 36 151 48
151 36 152 48
152 36 153 48
153 36 154 48
154 36 155 48
155 36 156 48
156 36 157 48
157 36 158 48
158 36 159 48
159 36 160 48
160 36 161 48
161 36 162 48
162 36 163 48
163 36 164 48
164 36 165 48
165 36 166 48
166 36 167 48
167 36 168 48
168 36 169 48
169 36 170 48
170 36 171 48
171 36 172 48
172 36 173 48
173 36 174 48
174 36 175 48
175 36 176 48
176 36 177 48
177 36 178 48
178 36 179 48
179 36 180 48
180 36 181 48
181 36 182 48
182 36 183 48
183 36 184 48
184 36 185 48
185 36 186 48
186 36 187 48
187 36 188 48
188 36 189 48
189 36 190 48
190 36 191 48
191 36 192 48
192 36 193 48
193 36 194 48
194 36 195 48
195 36 196 48
196 36 197 48
197 36 198 48
198 36 199 48
199 36 200 48
0 48 1 60
1 48 2 60
2 48 3 60
3 48 4 60
4 48 5 60
5 48 6 60
6 48 7 60
7 48 8 60
8 48 9 60
9 48 10 60
10 48 11 60
11 48 12 60
12 48 13 60
13 48 14 60
14 48 15 60
15 48 16 60
16 48 17 60
17 48 18 60
18 48 19 60
19 48 20 60
20 48 21 60
21 48 22 60
22 48 23 60
23 48 24 60
24 48 25 60
25 48 26 60
26 48 27 60
27 48 28 60
28 48 29 60
29 48 30 60
30 48 31 60
31 48 32 60
32 48 33 60
33 48 34 60
34 48 35 60
35 48 36 60
36 48 37 60
37 48 38 60
38 48 39 60
39 48 40 60
40 48 41 60
41 48 42 60
42 48 43 60
43 48 44 60
44 48 45 60
45 48 46 60
46 48 47 60
47 48 48 60
48 48 49 60
49 48 50 60
50 48 51 60
51 48 52 60
52 48 53 60
53 48 54 60
54 48 55 60
55 48 56 60
56 48 57 60
57 48 58 60
58 48 59 60
59 48 60 60
60 48 61 60
61 48 62 60
62 48 63 60
63 48 64 60
64 48 65 60
65 48 66 60
66 48 67 60
67 48 68 60
68 48 69 60
69 48 70 60
70 48 71 60
71 48 72 60
72 48 73 60
73 48 74 60
74 48 75 60
75 48 76 60
76 48 77 60
77 48 78 60
78 48 79 60
79 48 80 60
80 48 81 60
81 48 82 60
82 48 83 60
83 48 84 60
84 48 85 60
85 48 86 60
86 48 87 60
87 48 88 60
88 48 89 60
89 48 90 60
90 48 91 60
91 48 92 60
92 48 93 60
93 48 94 60
94 48 95 60
95 48 96 60
96 48 97 60
97 48 98 60
98 48 99 60
99 48 100 60
100 48 101 60
101 48 102 60
102 48 103 60
103 48 104 60
104 48 105 60
105 48 106 60
106 48 107 60
107 48 108 60
108 48 109 60
109 48 110 60
110 48 111 60
111 48 112 60
112 48 113 60
113 48 114 60
114 48 115 60
115 48 116 60
116 48 117 60
117 48 118 60
118 48 119 60
119 48 120 60
120 48 121 60
121 48 122 60
122 48 123 60
123 48 124 60
124 48 125 60
125 48 126 60
126 48 127 60
127 48 128 60
128 48 129 60
129 48 130 60
130 48 131 60
131 48 132 60
132 48 133 60
133 48 134 60
134 48 135 60
135 48 136 60
136 48 137 60
137 48 138 60
138 48 139 60
139 48 140 60
140 48 141 60
141 48 142 60
142 48 143 60
143 48 144 60
144 48 145 60
145 48 146 60
146 48 147 60
147 48 148 60
148 48 149 60
149 48 150 60
150 48 151 60
151 48 152 60
152 48 153 60
153 48 154 60
154 48 155 60
155 48 156 60
156 48 157 60
157 48 158 60
158 48 159 60
159 48 160 60
160 48 161 60
161 48 162 60
162 48 163 60
163 48 164 60
164 48 165 60
165 48 166 60
166 48 167 60
167 48 168 60
168 48 169 60
169 48 170 60
170 48 171 60
171 48 172 60
172 48 173 60
173 48 174 60
174 48 175 60
175 48 176 60
176 48 177 60
177 48 178 60
178 48 179 60
179 48 180 60
180 48 181 60
181 48 182 60
182 48 183 60
183 48 184 60
184 48 185 60
185 48 186 60
186 48 187 60
187 48 188 60
188 48 189 60
189 48 190 60
190 48 191 60
191 48 192 60
192 48 193 60
193 48 194 60
194 48 195 60
195 48 196 60
196 48 197 60
197 48 198 60
198 48 199 60
199 48 200 60
0 60 1 72
1 60 2 72
2 60 3 72
3 60 4 72
4 60 5 72
5 60 6 72
6 60 7 72
7 60 8 72
8 60 9 72
9 60 10 72
10 60 11 72
11 60 12 72
12 60 13 72
13 60 14 72
14 60 15 72
15 60 16 72
16 60 17 72
17 60 18 72
18 60 19 72
19 60 20 72
20 60 21 72
21 60 22 72
22 60 23 72
23 60 24 72
24 60 25 72
25 60 26 72
26 60 27 72
27 60 28 72
28 60 29 72
29 60 30 72
30 60 31 72
31 60 32 72
32 60 33 72
33 60 34 72
34 60 35 72
35 60 36 72
36 60 37 72
37 60 38 72
38 60 39 72
39 60 40 72
40 60 41 72
41 60 42 72
42 60 43 72
43 60 44 72
44 60 45 72
45 60 46 72
46 60 47 72
47 60 48 72
48 60 49 72
49 60 50 72
50 60 51 72
51 60 52 72
52 60 53 72
53 60 54 72
54 60 55 72
55 60 56 72
56 60 57 72
57 60 58 72
58 60 59 72
59 60 60 72
60 60 61 72
61 60 62 72
62 60 63 72
63 60 64 72
64 60 65 72
65 60 66 72
66 60 67 72
67 60 68 72
68 60 69 72
69 60 70 72
70 60 71 72
71 60 72 72
72 60 73 72
73 60 74 72
74 60 75 72
75 60 76 72
76 60 77 72
77 60 78 72
78 60 79 72
79 60 80 72
80 60 81 72
81 60 82 72
82 60 83 72
83 60 84 72
84 60 85 72
85 60 86 72
86 60 87 72
87 60 88 72
88 60 89 72
89 60 90 72
90 60 91 72
91 60 92 72
92 60 93 72
93 60 94 72
94 60 95 72
95 60 96 72
96 60 97 72
97 60 98 72
98 60 99 72
99 60 100 72
100 60 101 72
101 60 102 72
102 60 103 72
103 60 104 72
104 60 105 72
105 60 106 72
106 60 107 72
107 60 108 72
108 60 109 72
109 60 110 72
110 60 111 72
111 60 112 72
112 60 113 72
113 60 114 72
114 60 115 72
115 60 116 72
116 60 117 72
117 60 118 72
118 60 119 72
119 60 120 72
120 60 121 72
121 60 122 72
122 60 123 72
123 60 124 72
124 60 125 72
125 60 126 72
126 60 127 72
127 60 128 72
128 60 129 72
129 60 130 72
130 60 131 72
131 60 132 72
132 60 133 72
133 60 134 72
134 60 135 72
135 60 136 72
136 60 137 72
137 60 138 72
138 60 139 72
139 60 140 72
140 60 141 72
141 60 142 72
142 60 143 72
143 60 144 72
144 60 145 72
145 60 146 72
146 60 147 72
147 60 148 72
148 60 149 72
149 60 150 72
150 60 151 72
151 60 152 72
152 60 153 72
153 60 154 72
154 60 155 72
155 60 156 72
156 60 157 72
157 60 158 72
158 60 159 72
159 60 160 72
160 60 161 72
161 60 162 72
162 60 163 72
163 60 164 72
164 60 165 72
165 60 166 72
166 60 167 72
167 60 168 72
168 60 169 72
169 60 170 72
170 60 171 72
171 60 172 72
172 60 173 72
173 60 174 72
174 60 175 72
175 60 176 72
176 60 177 72
177 60 178 72
178 60 179 72
179 60 180 72
180 60 181 72
181 60 182 72
182 60 183 72
183 60 184 72
184 60 185 72
185 60 186 72
186 60 187 72
187 60 188 72
188 60 189 72
189 60 190 72
190 60 191 72
191 60 192 72
192 60 193 72
193 60 194 72
194 60 195 72
195 60 196 72
196 60 197 72
197 60 198 72
198 60 199 72
199 60 200 72
0 72 1 84
1 72 2 84
2 72 3 84
3 72 4 84
4 72 5 84
5 72 6 84
6 72 7 84
7 72 8 84
8 72 9 84
9 72 10 84
10 72 11 84
11 72 12 84
12 72 13 84
13 72 14 84
14 72 15 84
15 72 16 84
16 72 17 84
17 72 18 84
18 72 19 84
19 72 20 84
20 72 21 84
21 72 22 84
22 72 23 84
23 72 24 84
24 72 25 84
25 72 26 84
26 72 27 84
27 72 28 84
28 72 29 84
29 72 30 84
30 72 31 84
31 72 32 84
32 72 33 84
33 72 34 84
34 72 35 84
35 72 36 84
36 72 37 84
37 72 38 84
38 72 39 84
39 72 40 84
40 72 41 84
41 72 42 84
42 72 43 84
43 72 44 84
44 72 45 84
45 72 46 84
46 72 47 84
47 72 48 84
48 72 49 84
49 72 50 84
50 72 51 84
51 72 52 84
52 72 53 84
53 72 54 84
54 72 55 84
55 72 56 84
56 72 57 84
57 72 58 84
58 72 59 84
59 72 60 84
60 72 61 84
61 72 62 84
62 72 63 84
63 72 64 84
64 72 65 84
65 72 66 84
66 72 67 84
67 72 68 84
68 72 69 84
69 72 70 84
70 72 71 84
71 72 72 84
72 72 73 84
73 72 74 84
74 72 75 84
75 72 76 84
76 72 77 84
77 72 78 84
78 72 79 84
79 72 80 84
80 72 81 84
81 72 82 84
82 72 83 84
83 72 84 84
84 72 85 84
85 72 86 84
86 72 87 84
87 72 88 84
88 72 89 84
89 72 90 84
90 72 91 84
91 72 92 84
92 72 93 84
93 72 94 84
94 72 95 84
95 72 96 84
96 72 97 84
97 72 98 84
98 72 99 84
99 72 100 84
100 72 101 84
101 72 102 84
102 72 103 84
103 72 104 84
104 72 105 84
105 72 106 84
106 72 107 84
107 72 108 84
108 72 109 84
109 72 110 84
110 72 111 84
111 72 112 84
112 72 113 84
113 72 114 84
114 72 115 84
115 72 116 84
116 72 117 84
117 72 118 84
118 72 119 84
119 72 120 84
120 72 121 84
121 72 122 84
122 72 123 84
123 72 124 84
124 72 125 84
125 72 126 84
126 72 127 84
127 72 128 84
128 72 129 84
129 72 130 84
130 72 131 84
131 72 132 84
132 72 133 84
133 72 134 84
134 72 135 84
135 72 136 84
136 72 137 84
137 72 138 84
138 72 139 84
139 72 140 84
140 72 141 84
141 72 142 84
142 72 143 84
143 72 144 84
144 72 145 84
145 72 146 84
146 72 147 84
147 72 148 84
148 72 149 84
149 72 150 84
150 72 151 84
151 72 152 84
152 72 153 84
153 72 154 84
154 72 155 84
155 72 156 84
156 72 157 84
157 72 158 84
158 72 159 84
159 72 160 84
160 72 161 84
161 72 162 84
162 72 163 84
163 72 164 84
164 72 165 84
165 72 166 84
166 72 167 84
167 72 168 84
168 72 169 84
169 72 170 84
170 72 171 84
171 72 172 84
172 72 173 84
173 72 174 84
174 72 175 84
175 72 176 84
176 72 177 84
177 72 178 84
178 72 179 84
179 72 180 84
180 72 181 84
181 72 182 84
182 72 183 84
183 72 184 84
184 72 185 84
185 72 186 84
186 72 187 84
187 72 188 84
188 72 189 84
189 72 190 84
190 72 191 84
191 72 192 84
192 72 193 84
193 72 194 84
194 72 195 84
195 72 196 84
196 72 197 84
197 72 198 84
198 72 199 84
199 72 200 84
0 84 1 96
1 84 2 96
2 84 3 96
3 84 4 96
4 84 5 96
5 84 6 96
6 84 7 96
7 84 8 96
8 84 9 96
9 84 10 96
10 84 11 96
11 84 12 96
12 84 13 96
13 84 14 96
14 84 15 96
15 84 16 96
16 84 17 96
17 84 18 96
18 84 19 96
19 84 20 96
20 84 21 96
21 84 22 96
22 84 23 96
23 84 24 96
24 84 25 96
25 84 26 96
26 84 27 96
27 84 28 96
28 84 29 96
29 84 30 96
30 84 31 96
31 84 32 96
32 84 33 96
33 84 34 96
34 84 35 96
35 84 36 96
36 84 37 96
37 84 38 96
38 84 39 96
39 84 40 96
40 84 41 96
41 84 42 96
42 84 43 96
43 84 44 96
44 84 45 96
45 84 46 96
46 84 47 96
47 84 48 96
48 84 49 96
49 84 50 96
50 84 51 96
51 84 52 96
52 84 53 96
53 84 54 96
54 84 55 96
55 84 56 96
56 84 57 96
57 84 58 96
58 84 59 96
59 84 60 96
60 84 61 96
61 84 62 96
62 84 63 96
63 84 64 96
64 84 65 96
65 84 66 96
66 84 67 96
67 84 68 96
68 84 69 96
69 84 70 96
70 84 71 96
71 84 72 96
72 84 73 96
73 84 74 96
74 84 75 96
75 84 76 96
76 84 77 96
77 84 78 96
78 84 79 96
79 84 80 96
80 84 81 96
81 84 82 96
82 84 83 96
83 84 84 96
84 84 85 96
85 84 86 96
86 84 87 96
87 84 88 96
88 84 89 96
89 84 90 96
90 84 91 96
91 84 92 96
92 84 93 96
93 84 94 96
94 84 95 96
95 84 96 96
96 84 97 96
97 84 98 96
98 84 99 96
99 84 100 96
100 84 101 96
101 84 102 96
102 84 103 96
103 84 104 96
104 84 105 96
105 84 106 96
106 84 107 96
107 84 108 96
108 84 109 96
109 84 110 96
110 84 111 96
111 84 112 96
112 84 113 96
113 84 114 96
114 84 115 96
115 84 116 96
116 84 117 96
117 84 118 96
118 84 119 96
119 84 120 96
120 84 121 96
121 84 122 96
122 84 123 96
123 84 124 96
124 84 125 96
125 84 126 96
126 84 127 96
127 84 128 96
128 84 129 96
129 84 130 96
130 84 131 96
131 84 132 96
132 84 133 96
133 84 134 96
134 84 135 96
135 84 136 96
136 84 137 96
137 84 138 96
138 84 139 96
139 84 140 96
140 84 141 96
141 84 142 96
142 84 143 96
143 84 144 96
144 84 145 96
145 84 146 96
146 84 147 96
147 84 148 96
148 84 149 96
149 84 150 96
150 84 151 96
151 84 152 96
152 84 153 96
153 84 154 96
154 84 155 96
155 84 156 96
156 84 157 96
157 84 158 96
158 84 159 96
159 84 160 96
160 84 161 96
161 84 162 96
162 84 163 96
163 84 164 96
164 84 165 96
165 84 166 96
166 84 167 96
167 84 168 96
168 84 169 96
169 84 170 96
170 84 171 96
171 84 172 96
172 84 173 96
173 84 174 96
174 84 175 96
175 84 176 96
176 84 177 96
177 84 178 96
178 84 179 96
179 84 180 96
180 84 181 96
181 84 182 96
182 84 183 96
183 84 184 96
184 84 185 96
185 84 186 96
186 84 187 96
187 84 188 96
188 84 189 96
189 84 190 96
190 84 191 96
191 84 192 96
192 84 193 96
193 84 194 96
194 84 195 96
195 84 196 96
196 84 197 96
197 84 198 96
198 84 199 96
199 84 200 96
0 96 1 108
1 96 2 108
2 96 3 108
3 96 4 108
4 96 5 108
5 96 6 108
6 96 7 108
7 96 8 108
8 96 9 108
9 96 10 108
10 96 11 108
11 96 12 108
12 96 13 108
13 96 14 108
14 96 15 108
15 96 16 108
16 96 17 108
17 96 18 108
18 96 19 108
19 96 20 108
20 96 21 108
21 96 22 108
22 96 23 108
23 96 24 108
24 96 25 108
25 96 26 108
26 96 27 108
27 96 28 108
28 96 29 108
29 96 30 108
30 96 31 108
31 96 32 108
32 96 33 108
33 96 34 108
34 96 35 108
35 96 36 108
36 96 37 108
37 96 38 108
38 96 39 108
39 96 40 108
40 96 41 108
41 96 42 108
42 96 43 108
43 96 44 108
44 96 45 108
45 96 46 108
46 96 47 108
47 96 48 108
48 96 49 108
49 96 50 108
50 96 51 108
51 96 52 108
52 96 53 108
53 96 54 108
54 96 55 108
55 96 56 108
56 96 57 108
57 96 58 108
58 96 59 108
59 96 60 108
60 96 61 108
61 96 62 108
62 96 63 108
63 96 64 108
64 96 65 108
65 96 66 108
66 96 67 108
67 96 68 108
68 96 69 108
69 96 70 108
70 96 71 108
71 96 72 108
72 96 73 108
73 96 74 108
74 96 75 108
75 96 76 108
76 96 77 108
77 96 78 108
78 96 79 108
79 96 80 108
80 96 81 108
81 96 82 108
82 96 83 108
83 96 84 108
84 96 85 108
85 96 86 108
86 96 87 108
87 96 88 108
88 96 89 108
89 96 90 108
90 96 91 108
91 96 92 108
92 96 93 108
93 96 94 108
94 96 95 108
95 96 96 108
96 96 97 108
97 96 98 108
98 96 99 108
99 96 100 108
100 96 101 108
101 96 102 108
102 96 103 108
103 96 104 108
104 96 105 108
105 96 106 108
106 96 107 108
107 96 108 108
108 96 109 108
109 96 110 108
110 96 111 108
111 96 112 108
112 96 113 108
113 96 114 108
114 96 115 108
115 96 116 108
116 96 117 108
117 96 118 108
118 96 119 108
119 96 120 108
120 96 121 108
121 96 122 108
122 96 123 108
123 96 124 108
124 96 125 108
125 96 126 108
126 96 127 108
127 96 128 108
128 96 129 108
129 96 130 108
130 96 131 108
131 96 132 108
132 96 133 108
133 96 134 108
134 96 135 108
135 96 136 108
136 96 137 108
137 96 138 108
138 96 139 108
139 96 140 108
140 96 141 108
141 96 142 108
142 96 143 108
143 96 144 108
144 96 145 108
145 96 146 108
146 96 147 108
147 96 148 108
148 96 149 108
149 96 150 108
150 96 151 108
151 96 152 108
152 96 153 108
153 96 154 108
154 96 155 108
155 96 156 108
156 96 157 108
157 96 158 108
158 96 159 108
159 96 160 108
160 96 161 108
161 96 162 108
162 96 163 108
163 96 164 108
164 96 165 108
165 96 166 108
166 96 167 108
167 96 168 108
168 96 169 108
169 96 170 108
170 96 171 108
171 96 172 108
172 96 173 108
173 96 174 108
174 96 175 108
175 96 176 108
176 96 177 108
177 96 178 108
178 96 179 108
179 96 180 108
180 96 181 108
181 96 182 108
182 96 183 108
183 96 184 108
184 96 185 108
185 96 186 108
186 96 187 108
187 96 188 108
188 96 189 108
189 96 190 108
190 96 191 108
191 96 192 108
192 96 193 108
193 96 194 108
194 96 195 108
195 96 196 108
196 96 197 108
197 96 198 108
198 96 199 108
199 96 200 108
0 108 1 120
1 108 2 120
2 108 3 120
3 108 4 120
4 108 5 120
5 108 6 120
6 108 7 120
7 108 8 120
8 108 9 120
9 108 10 120
10 108 11 120
11 108 12 120
12 108 13 120
13 108 14 120
14 108 15 120
15 108 16 120
16 108 17 120
17 108 18 120
18 108 19 120
19 108 20 120
20 108 21 120
21 108 22 120
22 108 23 120
23 108 24 120
24 108 25 120
25 108 26 120
26 108 27 120
27 108 28 120
28 108 29 120
29 108 30 120
30 108 31 120
31 108 32 120
32 108 33 120
33 108 34 120
34 108 35 120
35 108 36 120
36 108 37 120
37 108 38 120
38 108 39 120
39 108 40 120
40 108 41 120
41 108 42 120
42 108 43 120
43 108 44 120
44 108 45 120
45 108 46 120
46 108 47 120
47 108 48 120
48 108 49 120
49 108 50 120
50 108 51 120
51 108 52 120
52 108 53 120
53 108 54 120
54 108 55 120
55 108 56 120
56 108 57 120
57 108 58 120
58 108 59 120
59 108 60 120
60 108 61 120
61 108 62 120
62 108 63 120
63 108 64 120
64 108 65 120
65 108 66 120
66 108 67 120
67 108 68 120
68 108 69 120
69 108 70 120
70 108 71 120
71 108 72 120
72 108 73 120
73 108 74 120
74 108 75 120
75 108 76 120
76 108 77 120
77 108 78 120
78 108 79 120
79 108 80 120
80 108 81 120
81 108 82 120
82 108 83 120
83 108 84 120
84 108 85 120
85 108 86 120
86 108 87 120
87 108 88 120
88 108 89 120
89 108 90 120
90 108 91 120
91 108 92 120
92 108 93 120
93 108 94 120
94 108 95 120
95 108 96 120
96 108 97 120
97 108 98 120
98 108 99 120
99 108 100 120
100 108 101 120
101 108 102 120
102 108 103 120
103 108 104 120
104 108 105 120
105 108 106 120
106 108 107 120
107 108 108 120
108 108 109 120
109 108 110 120
110 108 111 120
111 108 112 120
112 108 113 120
113 108 114 120
114 108 115 120
115 108 116 120
116 108 117 120
117 108 118 120
118 108 119 120
119 108 120 120
120 108 121 120
121 108 122 120
122 108 123 120
123 108 124 120
124 108 125 120
125 108 126 120
126 108 127 120
127 108 128 120
128 108 129 120
129 108 130 120
130 108 131 120
131 108 132 120
132 108 133 120
133 108 134 120
134 108 135 120
135 108 136 120
136 108 137 120
137 108 138 120
138 108 139 120
139 108 140 120
140 108 141 120
141 108 142 120
142 108 143 120
143 108 144 120
144 108 145 120
145 108 146 120
146 108 147 120
147 108 148 120
148 108 149 120
149 108 150 120
150 108 151 120
151 108 152 120
152 108 153 120
153 108 154 120
154 108 155 120
155 108 156 120
156 108 157 120
157 108 158 120
158 108 159 120
159 108 160 120
160 108 161 120
161 108 162 120
162 108 163 120
163 108 164 120
164 108 165 120
165 108 166 120
166 108 167 120
167 108 168 120
168 108 169 120
169 108 170 120
170 108 171 120
171 108 172 120
172 108 173 120
173 108 174 120
174 108 175 120
175 108 176 120
176 108 177 120
177 108 178 120
178 108 179 120
179 108 180 120
180 108 181 120
181 108 182 120
182 108 183 120
183 108 184 120
184 108 185 120
185 108 186 120
186 108 187 120
187 108 188 120
188 108 189 120
189 108 190 120
190 108 191 120
191 108 192 120
192 108 193 120
193 108 194 120
194 108 195 120
195 108 196 120
196 108 197 120
197 108 198 120
198 108 199 120
199 108 200 120
0 120 1 132
1 120 2 132
2 120 3 132
3 120 4 132
4 120 5 132
5 120 6 132
6 120 7 132
7 120 8 132
8 120 9 132
9 120 10 132
10 120 11 132
11 120 12 132
12 120 13 132
13 120 14 132
14 120 15 132
15 120 16 132
16 120 17 132
17 120 18 132
18 120 19 132
19 120 20 132
20 120 21 132
21 120 22 132
22 120 23 132
23 120 24 132
24 120 25 132
25 120 26 132
26 120 27 132
27 120 28 132
28 120 29 132
29 120 30 132
30 120 31 132
31 120 32 132
32 120 33 132
33 120 34 132
34 120 35 132
35 120 36 132
36 120 37 132
37 120 38 132
38 120 39 132
39 120 40 132
40 120 41 132
41 120 42 132
42 120 43 132
43 120 44 132
44 120 45 132
45 120 46 132
46 120 47 132
47 120 48 132
48 120 49 132
49 120 50 132
50 120 51 132
51 120 52 132
52 120 53 132
53 120 54 132
54 120 55 132
55 120 56 132
56 120 57 132
57 120 58 132
58 120 59 132
59 120 60 132
60 120 61 132
61 120 62 132
62 120 63 132
63 120 64 132
64 120 65 132
65 120 66 132
66 120 67 132
67 120 68 132
68 120 69 132
69 120 70 132
70 120 71 132
71 120 72 132
72 120 73 132
73 120 74 132
74 120 75 132
75 120 76 132
76 120 77 132
77 120 78 132
78 120 79 132
79 120 80 132
80 120 81 132
81 120 82 132
82 120 83 132
83 120 84 132
84 120 85 132
85 120 86 132
86 120 87 132
87 120 88 132
88 120 89 132
89 120 90 132
90 120 91 132
91 120 92 132
92 120 93 132
93 120 94 132
94 120 95 132
95 120 96 132
96 120 97 132
97 120 98 132
98 120 99 132
99 120 100 132
100 120 101 132
101 120 102 132
102 120 103 132
103 120 104 132
104 120 105 132
105 120 106 132
106 120 107 132
107 120 108 132
108 120 109 132
109 120 110 132
110 120 111 132
111 120 112 132
112 120 113 132
113 120 114 132
114 120 115 132
115 120 116 132
116 120 117 132
117 120 118 132
118 120 119 132
119 120 120 132
120 120 121 132
121 120 122 132
122 120 123 132
123 120 124 132
124 120 125 132
125 120 126 132
126 120 127 132
127 120 128 132
128 120 129 132
129 120 130 132
130 120 131 132
131 120 132 132
132 120 133 132
133 120 134 132
134 120 135 132
135 120 136 132
136 120 137 132
137 120 138 132
138 120 139 132
139 120 140 132
140 120 141 132
141 120 142 132
142 120 143 132
143 120 144 132
144 120 145 132
145 120 146 132
146 120 147 132
147 120 148 132
148 120 149 132
149 120 150 132
150 120 151 132
151 120 152 132
152 120 153 132
153 120 154 132
154 120 155 132
155 120 156 132
156 120 157 132
157 120 158 132
158 120 159 132
159 120 160 132
160 120 161 132
161 120 162 132
162 120 163 132
163 120 164 132
164 120 165 132
165 120 166 132
166 120 167 132
167 120 168 132
168 120 169 132
169 120 170 132
170 120 171 132
171 120 172 132
172 120 173 132
173 120 174 132
174 120 175 132
175 120 176 132
176 120 177 132
177 120 178 132
178 120 179 132
179 120 180 132
180 120 181 132
181 120 182 132
182 120 183 132
183 120 184 132
184 120 185 132
185 120 186 132
186 120 187 132
187 120 188 132
188 120 189 132
189 120 190 132
190 120 191 132
191 120 192 132
192 120 193 132
193 120 194 132
194 120 195 132
195 120 196 132
196 120 197 132
197 120 198 132
198 120 199 132
199 120 200 132
0 132 1 144
1 132 2 144
2 132 3 144
3 132 4 144
4 132 5 144
5 132 6 144
6 132 7 144
7 132 8 144
8 132 9 144
9 132 10 144
10 132 11 144
11 132 12 144
12 132 13 144
13 132 14 144
14 132 15 144
15 132 16 144
16 132 17 144
17 132 18 144
18 132 19 144
19 132 20 144
20 132 21 144
21 132 22 144
22 132 23 144
23 132 24 144
24 132 25 144
25 132 26 144
26 132 27 144
27 132 28 144
28 132 29 144
29 132 30 144
30 132 31 144
31 132 32 144
32 132 33 144
33 132 34 144
34 132 35 144
35 132 36 144
36 132 37 144
37 132 38 144
38 132 39 144
39 132 40 144
40 132 41 144
41 132 42 144
42 132 43 144
43 132 44 144
44 132 45 144
45 132 46 144
46 132 47 144
47 132 48 144
48 132 49 144
49 132 50 144
50 132 51 144
51 132 52 144
52 132 53 144
53 132 54 144
54 132 55 144
55 132 56 144
56 132 57 144
57 132 58 144
58 132 59 144
59 132 60 144
60 132 61 144
61 132 62 144
62 132 63 144
63 132 64 144
64 132 65 144
65 132 66 144
66 132 67 144
67 132 68 144
68 132 69 144
69 132 70 144
70 132 71 144
71 132 72 144
72 132 73 144
73 132 74 144
74 132 75 144
75 132 76 144
76 132 77 144
77 132 78 144
78 132 79 144
79 132 80 144
80 132 81 144
81 132 82 144
82 132 83 144
83 132 84 144
84 132 85 144
85 132 86 144
86 132 87 144
87 132 88 144
88 132 89 144
89 132 90 144
90 132 91 144
91 132 92 144
92 132 93 144
93 132 94 144
94 132 95 144
95 132 96 144
96 132 97 144
97 132 98 144
98 132 99 144
99 132 100 144
100 132 101 144
101 132 102 144
102 132 103 144
103 132 104 144
104 132 105 144
105 132 106 144
106 132 107 144
107 132 108 144
108 132 109 144
109 132 110 144
110 132 111 144
111 132 112 144
112 132 113 144
113 132 114 144
114 132 115 144
115 132 116 144
116 132 117 144
117 132 118 144
118 132 119 144
119 132 120 144
120 132 121 144
121 132 122 144
122 132 123 144
123 132 124 144
124 132 125 144
125 132 126 144
126 132 127 144
127 132 128 144
128 132 129 144
129 132 130 144
130 132 131 144
131 132 132 144
132 132 133 144
133 132 134 144
134 132 135 144
135 132 136 144
136 132 137 144
137 132 138 144
138 132 139 144
139 132 140 144
140 132 141 144
141 132 142 144
142 132 143 144
143 132 144 144
144 132 145 144
145 132 146 144
146 132 147 144
147 132 148 144
148 132 149 144
149 132 150 144
150 132 151 144
151 132 152 144
152 132 153 144
153 132 154 144
154 132 155 144
155 132 156 144
156 132 157 144
157 132 158 144
158 132 159 144
159 132 160 144
160 132 161 144
161 132 162 144
162 132 163 144
163 132 164 144
164 132 165 144
165 132 166 144
166 132 167 144
167 132 168 144
168 132 169 144
169 132 170 144
170 132 171 144
171 132 172 144
172 132 173 144
173 132 174 144
174 132 175 144
175 132 176 144
176 132 177 144
177 132 178 144
178 132 179 144
179 132 180 144
180 132 181 144
181 132 182 144
182 132 183 144
183 132 184 144
184 132 185 144
185 132 186 144
186 132 187 144
187 132 188 144
188 132 189 144
189 132 190 144
190 132 191 144
191 132 192 144
192 132 193 144
193 132 194 144
194 132 195 144
195 132 196 144
196 132 197 144
197 132 198 144
198 132 199 144
199 132 200 144
0 144 1 156
1 144 2 156
2 144 3 156
3 144 4 156
4 144 5 156
5 144 6 156
6 144 7 156
7 144 8 156
8 144 9 156
9 144 10 156
10 144 11 156
11 144 12 156
12 144 13 156
13 144 14 156
14 144 15 156
15 144 16 156
16 144 17 156
17 144 18 156
18 144 19 156
19 144 20 156
20 144 21 156
21 144 22 156
22 144 23 156
23 144 24 156
24 144 25 156
25 144 26 156
26 144 27 156
27 144 28 156
28 144 29 156
29 144 30 156
30 144 31 156
31 144 32 156
32 144 33 156
33 144 34 156
34 144 35 156
35 144 36 156
36 144 37 156
37 144 38 156
38 144 39 156
39 144 40 156
40 144 41 156
41 144 42 156
42 144 43 156
43 144 44 156
44 144 45 156
45 144 46 156
46 144 47 156
47 144 48 156
48 144 49 156
49 144 50 156
50 144 51 156
51 144 52 156
52 144 53 156
53 144 54 156
54 144 55 156
55 144 56 156
56 144 57 156
57 144 58 156
58 144 59 156
59 144 60 156
60 144 61 156
61 144 62 156
62 144 63 156
63 144 64 156
64 144 65 156
65 144 66 156
66 144 67 156
67 144 68 156
68 144 69 156
69 144 70 156
70 144 71 156
71 144 72 156
72 144 73 156
73 144 74 156
74 144 75 156
75 144 76 156
76 144 77 156
77 144 78 156
78 144 79 156
79 144 80 156
80 144 81 156
81 144 82 156
82 144 83 156
83 144 84 156
84 144 85 156
85 144 86 156
86 144 87 156
87 144 88 156
88 144 89 156
89 144 90 156
90 144 91 156
91 144 92 156
92 144 93 156
93 144 94 156
94 144 95 156
95 144 96 156
96 144 97 156
97 144 98 156
98 144 99 156
99 144 100 156
100 144 101 156
101 144 102 156
102 144 103 156
103 144 104 156
104 144 105 156
105 144 106 156
106 144 107 156
107 144 108 156
108 144 109 156
109 144 110 156
110 144 111 156
111 144 112 156
112 144 113 156
113 144 114 156
114 144 115 156
115 144 116 156
116 144 117 156
117 144 118 156
118 144 119 156
119 144 120 156
120 144 121 156
121 144 122 156
122 144 123 156
123 144 124 156
124 144 125 156
125 144 126 156
126 144 127 156
127 144 128 156
128 144 129 156
129 144 130 156
130 144 131 156
131 144 132 156
132 144 133 156
133 144 134 156
134 144 135 156
135 144 136 156
136 144 137 156
137 144 138 156
138 144 139 156
139 144 140 156
140 144 141 156
141 144 142 156
142 144 143 156
143 144 144 156
144 144 145 156
145 144 146 156
146 144 147 156
147 144 148 156
148 144 149 156
149 144 150 156
150 144 151 156
151 144 152 156
152 144 153 156
153 144 154 156
154 144 155 156
155 144 156 156
156 144 157 156
157 144 158 156
158 144 159 156
159 144 160 156
160 144 161 156
161 144 162 156
162 144 163 156
163 144 164 156
164 144 165 156
165 144 166 156
166 144 167 156
167 144 168 156
168 144 169 156
169 144 170 156
170 144 171 156
171 144 172 156
172 144 173 156
173 144 174 156
174 144 175 156
175 144 176 156
176 144 177 156
177 144 178 156
178 144 179 156
179 144 180 156
180 144 181 156
181 144 182 156
182 144 183 156
183 144 184 156
184 144 185 156
185 144 186 156
186 144 187 156
187 144 188 156
188 144 189 156
189 144 190 156
190 144 191 156
191 144 192 156
192 144 193 156
193 144 194 156
194 144 195 156
195 144 196 156
196 144 197 156
197 144 198 156
198 144 199 156
199 144 200 156
0 156 1 168
1 156 2 168
2 156 3 168
3 156 4 168
4 156 5 168
5 156 6 168
6 156 7 168
7 156 8 168
8 156 9 168
9 156 10 168
10 156 11 168
11 156 12 168
12 156 13 168
13 156 14 168
14 156 15 168
15 156 16 168
16 156 17 168
17 156 18 168
18 156 19 168
19 156 20 168
20 156 21 168
21 156 22 168
22 156 23 168
23 156 24 168
24 156 25 168
25 156 26 168
26 156 27 168
27 156 28 168
28 156 29 168
29 156 30 168
30 156 31 168
31 156 32 168
32 156 33 168
33 156 34 168
34 156 35 168
35 156 36 168
36 156 37 168
37 156 38 168
38 156 39 168
39 156 40 168
40 156 41 168
41 156 42 168
42 156 43 168
43 156 44 168
44 156 45 168
45 156 46 168
46 156 47 168
47 156 48 168
48 156 49 168
49 156 50 168
50 156 51 168
51 156 52 168
52 156 53 168
53 156 54 168
54 156 55 168
55 156 56 168
56 156 57 168
57 156 58 168
58 156 59 168
59 156 60 168
60 156 61 168
61 156 62 168
62 156 63 168
63 156 64 168
64 156 65 168
65 156 66 168
66 156 67 168
67 156 68 168
68 156 69 168
69 156 70 168
70 156 71 168
71 156 72 168
72 156 73 168
73 156 74 168
74 156 75 168
75 156 76 168
76 156 77 168
77 156 78 168
78 156 79 168
79 156 80 168
80 156 81 168
81 156 82 168
82 156 83 168
83 156 84 168
84 156 85 168
85 156 86 168
86 156 87 168
87 156 88 168
88 156 89 168
89 156 90 168
90 156 91 168
91 156 92 168
92 156 93 168
93 156 94 168
94 156 95 168
95 156 96 168
96 156 97 168
97 156 98 168
98 156 99 168
99 156 100 168
100 156 101 168
101 156 102 168
102 156 103 168
103 156 104 168
104 156 105 168
105 156 106 168
106 156 107 168
107 156 108 168
108 156 109 168
109 156 110 168
110 156 111 168
111 156 112 168
112 156 113 168
113 156 114 168
114 156 115 168
115 156 116 168
116 156 117 168
117 156 118 168
118 156 119 168
119 156 120 168
120 156 121 168
121 156 122 168
122 156 123 168
123 156 124 168
124 156 125 168
125 156 126 168
126 156 127 168
127 156 128 168
128 156 129 168
129 156 130 168
130 156 131 168
131 156 132 168
132 156 133 168
133 156 134 168
134 156 135 168
135 156 136 168
136 156 137 168
137 156 138 168
138 156 139 168
139 156 140 168
140 156 141 168
141 156 142 168
142 156 143 168
143 156 144 168
144 156 145 168
145 156 146 168
146 156 147 168
147 156 148 168
148 156 149 168
149 156 150 168
150 156 151 168
151 156 152 168
152 156 153 168
153 156 154 168
154 156 155 168
155 156 156 168
156 156 157 168
157 156 158 168
158 156 159 168
159 156 160 168
160 156 161 168
161 156 162 168
162 156 163 168
163 156 164 168
164 156 165 168
165 156 166 168
166 156 167 168
167 156 168 168
168 156 169 168
169 156 170 168
170 156 171 168
171 156 172 168
172 156 173 168
173 156 174 168
174 156 175 168
175 156 176 168
176 156 177 168
177 156 178 168
178 156 179 168
179 156 180 168
180 156 181 168
181 156 182 168
182 156 183 168
183 156 184 168
184 156 185 168
185 156 186 168
186 156 187 168
187 156 188 168
188 156 189 168
189 156 190 168
190 156 191 168
191 156 192 168
192 156 193 168
193 156 194 168
194 156 195 168
195 156 196 168
196 156 197 168
197 156 198 168
198 156 199 168
199 156 200 168
0 168 1 180
1 168 2 180
2 168 3 180
3 168 4 180
4 168 5 180
5 168 6 180
6 168 7 180
7 168 8 180
8 168 9 180
9 168 10 180
10 168 11 180
11 168 12 180
12 168 13 180
13 168 14 180
14 168 15 180
15 168 16 180
16 168 17 180
17 168 18 180
18 168 19 180
19 168 20 180
20 168 21 180
21 168 22 180
22 168 23 180
23 168 24 180
24 168 25 180
25 168 26 180
26 168 27 180
27 168 28 180
28 168 29 180
29 168 30 180
30 168 31 180
31 168 32 180
32 168 33 180
33 168 34 180
34 168 35 180
35 168 36 180
36 168 37 180
37 168 38 180
38 168 39 180
39 168 40 180
40 168 41 180
41 168 42 180
42 168 43 180
43 168 44 180
44 168 45 180
45 168 46 180
46 168 47 180
47 168 48 180
48 168 49 180
49 168 50 180
50 168 51 180
51 168 52 180
52 168 53 180
53 168 54 180
54 168 55 180
55 168 56 180
56 168 57 180
57 168 58 180
58 168 59 180
59 168 60 180
60 168 61 180
61 168 62 180
62 168 63 180
63 168 64 180
64 168 65 180
65 168 66 180
66 168 67 180
67 168 68 180
68 168 69 180
69 168 70 180
70 168 71 180
71 168 72 180
72 168 73 180
73 168 74 180
74 168 75 180
75 168 76 180
76 168 77 180
77 168 78 180
78 168 79 180
79 168 80 180
80 168 81 180
81 168 82 180
82 168 83 180
83 168 84 180
84 168 85 180
85 168 86 180
86 168 87 180
87 168 88 180
88 168 89 180
89 168 90 180
90 168 91 180
91 168 92 180
92 168 93 180
93 168 94 180
94 168 95 180
95 168 96 180
96 168 97 180
97 168 98 180
98 168 99 180
99 168 100 180
100 168 101 180
101 168 102 180
102 168 103 180
103 168 104 180
104 168 105 180
105 168 106 180
106 168 107 180
107 168 108 180
108 168 109 180
109 168 110 180
110 168 111 180
111 168 112 180
112 168 113 180
113 168 114 180
114 168 115 180
115 168 116 180
116 168 117 180
117 168 118 180
118 168 119 180
119 168 120 180
120 168 121 180
121 168 122 180
122 168 123 180
123 168 124 180
124 168 125 180
125 168 126 180
126 168 127 180
127 168 128 180
128 168 129 180
129 168 130 180
130 168 131 180
131 168 132 180
132 168 133 180
133 168 134 180
134 168 135 180
135 168 136 180
136 168 137 180
137 168 138 180
138 168 139 180
139 168 140 180
140 168 141 180
141 168 142 180
142 168 143 180
143 168 144 180
144 168 145 180
145 168 146 180
146 168 147 180
147 168 148 180
148 168 149 180
149 168 150 180
150 168 151 180
151 168 152 180
152 168 153 180
153 168 154 180
154 168 155 180
155 168 156 180
156 168 157 180
157 168 158 180
158 168 159 180
159 168 160 180
160 168 161 180
161 168 162 180
162 168 163 180
163 168 164 180
164 168 165 180
165 168 166 180
166 168 167 180
167 168 168 180
168 168 169 180
169 168 170 180
170 168 171 180
171 168 172 180
172 168 173 180
173 168 174 180
174 168 175 180
175 168 176 180
176 168 177 180
177 168 178 180
178 168 179 180
179 168 180 180
180 168 181 180
181 168 182 180
182 168 183 180
183 168 184 180
184 168 185 180
185 168 186 180
186 168 187 180
187 168 188 180
188 168 189 180
189 168 190 180
190 168 191 180
191 168 192 180
192 168 193 180
193 168 194 180
194 168 195 180
195 168 196 180
196 168 197 180
197 168 198 180
198 168 199 180
199 168 200 180
0 180 1 192
1 180 2 192
2 180 3 192
3 180 4 192
4 180 5 192
5 180 6 192
6 180 7 192
7 180 8 192
8 180 9 192
9 180 10 192
10 180 11 192
11 180 12 192
12 180 13 192
13 180 14 192
14 180 15 192
15 180 16 192
16 180 17 192
17 180 18 192
18 180 19 192
19 180 20 192
20 180 21 192
21 180 22 192
22 180 23 192
23 180 24 192
24 180 25 192
25 180 26 192
26 180 27 192
27 180 28 192
28 180 29 192
29 180 30 192
30 180 31 192
31 180 32 192
32 180 33 192
33 180 34 192
34 180 35 192
35 180 36 192
36 180 37 192
37 180 38 192
38 180 39 192
39 180 40 192
40 180 41 192
41 180 42 192
42 180 43 192
43 180 44 192
44 180 45 192
45 180 46 192
46 180 47 192
47 180 48 192
48 180 49 192
49 180 50 192
50 180 51 192
51 180 52 192
52 180 53 192
53 180 54 192
54 180 55 192
55 180 56 192
56 180 57 192
57 180 58 192
58 180 59 192
59 180 60 192
60 180 61 192
61 180 62 192
62 180 63 192
63 180 64 192
64 180 65 192
65 180 66 192
66 180 67 192
67 180 68 192
68 180 69 192
69 180 70 192
70 180 71 192
71 180 72 192
72 180 73 192
73 180 74 192
74 180 75 192
75 180 76 192
76 180 77 192
77 180 78 192
78 180 79 192
79 180 80 192
80 180 81 192
81 180 82 192
82 180 83 192
83 180 84 192
84 180 85 192
85 180 86 192
86 180 87 192
87 180 88 192
88 180 89 192
89 180 90 192
90 180 91 192
91 180 92 192
92 180 93 192
93 180 94 192
94 180 95 192
95 180 96 192
96 180 97 192
97 180 98 192
98 180 99 192
99 180 100 192
100 180 101 192
101 180 102 192
102 180 103 192
103 180 104 192
104 180 105 192
105 180 106 192
106 180 107 192
107 180 108 192
108 180 109 192
109 180 110 192
110 180 111 192
111 180 112 192
112 180 113 192
113 180 114 192
114 180 115 192
115 180 116 192
116 180 117 192
117 180 118 192
118 180 119 192
119 180 120 192
120 180 121 192
121 180 122 192
122 180 123 192
123 180 124 192
124 180 125 192
125 180 126 192
126 180 127 192
127 180 128 192
128 180 129 192
129 180 130 192
130 180 131 192
131 180 132 192
132 180 133 192
133 180 134 192
134 180 135 192
135 180 136 192
136 180 137 192
137 180 138 192
138 180 139 192
139 180 140 192
140 180 141 192
141 180 142 192
142 180 143 192
143 180 144 192
144 180 145 192
145 180 146 192
146 180 147 192
147 180 148 192
148 180 149 192
149 180 150 192
150 180 151 192
151 180 152 192
152 180 153 192
153 180 154 192
154 180 155 192
155 180 156 192
156 180 157 192
157 180 158 192
158 180 159 192
159 180 160 192
160 180 161 192
161 180 162 192
162 180 163 192
163 180 164 192
164 180 165 192
165 180 166 192
166 180 167 192
167 180 168 192
168 180 169 192
169 180 170 192
170 180 171 192
171 180 172 192
172 180 173 192
173 180 174 192
174 180 175 192
175 180 176 192
176 180 177 192
177 180 178 192
178 180 179 192
179 180 180 192
180 180 181 192
181 180 182 192
182 180 183 192
183 180 184 192
184 180 185 192
185 180 186 192
186 180 187 192
187 180 188 192
188 180 189 192
189 180 190 192
190 180 191 192
191 180 192 192
192 180 193 192
193 180 194 192
194 180 195 192
195 180 196 192
196 180 197 192
197 180 198 192
198 180 199 192
199 180 200 192
0 192 1 204
1 192 2 204
2 192 3 204
3 192 4 204
4 192 5 204
5 192 6 204
6 192 7 204
7 192 8 204
8 192 9 204
9 192 10 204
10 192 11 204
11 192 12 204
12 192 13 204
13 192 14 204
14 192 15 204
15 192 16 204
16 192 17 204
17 192 18 204
18 192 19 204
19 192 20 204
20 192 21 204
21 192 22 204
22 192 23 204
23 192 24 204
24 192 25 204
25 192 26 204
26 192 27 204
27 192 28 204
28 192 29 204
29 192 30 204
30 192 31 204
31 192 32 204
32 192 33 204
33 192 34 204
34 192 35 204
35 192 36 204
36 192 37 204
37 192 38 204
38 192 39 204
39 192 40 204
40 192 41 204
41 192 42 204
42 192 43 204
43 192 44 204
44 192 45 204
45 192 46 204
46 192 47 204
47 192 48 204
48 192 49 204
49 192 50 204
50 192 51 204
51 192 52 204
52 192 53 204
53 192 54 204
54 192 55 204
55 192 56 204
56 192 57 204
57 192 58 204
58 192 59 204
59 192 60 204
60 192 61 204
61 192 62 204
62 192 63 204
63 192 64 204
64 192 65 204
65 192 66 204
66 192 67 204
67 192 68 204
68 192 69 204
69 192 70 204
70 192 71 204
71 192 72 204
72 192 73 204
73 192 74 204
74 192 75 204
75 192 76 204
76 192 77 204
77 192 78 204
78 192 79 204
79 192 80 204
80 192 81 204
81 192 82 204
82 192 83 204
83 192 84 204
84 192 85 204
85 192 86 204
86 192 87 204
87 192 88 204
88 192 89 204
89 192 90 204
90 192 91 204
91 192 92 204
92 192 93 204
93 192 94 204
94 192 95 204
95 192 96 204
96 192 97 204
97 192 98 204
98 192 99 204
99 192 100 204
100 192 101 204
101 192 102 204
102 192 103 204
103 192 104 204
104 192 105 204
105 192 106 204
106 192 107 204
107 192 108 204
108 192 109 204
109 192 110 204
110 192 111 204
111 192 112 204
112 192 113 204
113 192 114 204
114 192 115 204
115 192 116 204
116 192 117 204
117 192 118 204
118 192 119 204
119 192 120 204
120 192 121 204
121 192 122 204
122 192 123 204
123 192 124 204
124 192 125 204
125 192 126 204
126 192 127 204
127 192 128 204
128 192 129 204
129 192 130 204
130 192 131 204
131 192 132 204
132 192 133 204
133 192 134 204
134 192 135 204
135 192 136 204
136 192 137 204
137 192 138 204
138 192 139 204
139 192 140 204
140 192 141 204
141 192 142 204
142 192 143 204
143 192 144 204
144 192 145 204
145 192 146 204
146 192 147 204
147 192 148 204
148 192 149 204
149 192 150 204
150 192 151 204
151 192 152 204
152 192 153 204
153 192 154 204
154 192 155 204
155 192 156 204
156 192 157 204
157 192 158 204
158 192 159 204
159 192 160 204
160 192 161 204
161 192 162 204
162 192 163 204
163 192 164 204
164 192 165 204
165 192 166 204
166 192 167 204
167 192 168 204
168 192 169 204
169 192 170 204
170 192 171 204
171 192 172 204
172 192 173 204
173 192 174 204
174 192 175 204
175 192 176 204
176 192 177 204
177 192 178 204
178 192 179 204
179 192 180 204
180 192 181 204
181 192 182 204
182 192 183 204
183 192 184 204
184 192 185 204
185 192 186 204
186 192 187 204
187 192 188 204
188 192 189 204
189 192 190 204
190 192 191 204
191 192 192 204
192 192 193 204
193 192 194 204
194 192 195 204
195 192 196 204
196 192 197 204
197 192 198 204
198 192 199 204
199 192 200 204
